#
# File: coffee1.out
# Author: Vlad Burca
# Lab Section: Wednesday
# 
# Created:       09/29/2010
# Last Modified: 09/29/2010
#

*******
Output:
*******
*********************************************************************
1.
/usr/bin/python -u  "/home/vburca/cpsc115/lab 29-09-2010/coffee1.py"
 Welcome to Allysa's Coffee! 
 Enter today's price for one pound: 10
 How many pounds for this order? 7
 With  10  dollars a pound, the total for  7  is  76.75  dollars.

*********************************************************************

2.
/usr/bin/python -u  "/home/vburca/cpsc115/lab 29-09-2010/coffee1.py"
 Welcome to Allysa's Coffee! 
 Enter today's price for one pound: 9.95
 How many pounds for this order? 6
 With  9.95  dollars a pound, the total for  6  is  65.7  dollars.

*********************************************************************

3.
/usr/bin/python -u  "/home/vburca/cpsc115/lab 29-09-2010/coffee1.py"
 Welcome to Allysa's Coffee! 
 Enter today's price for one pound: 6.32
 How many pounds for this order? 1
 With  6.32  dollars a pound, the total for  1  is  8.57  dollars.

*********************************************************************

4.
/usr/bin/python -u  "/home/vburca/cpsc115/lab 29-09-2010/coffee1.py"
 Welcome to Allysa's Coffee! 
 Enter today's price for one pound: 9.99
 How many pounds for this order? 2
 With  9.99  dollars a pound, the total for  2  is  22.98  dollars.

*********************************************************************

5.
/usr/bin/python -u  "/home/vburca/cpsc115/lab 29-09-2010/coffee1.py"
 Welcome to Allysa's Coffee! 
 Enter today's price for one pound: 8.23
 How many pounds for this order? 5
 With  8.23  dollars a pound, the total for  5  is  46.4  dollars.

*********************************************************************

