#
# Author: Vlad Burca
# Date: 12/07/2010
# 
# Name: checkDistinctness
#

#######################################################################################
# 
1)
#

Enter the size of your square: 3

Enter row 0: 6 7 2
Enter row 1: 1 5 9
Enter row 2: 8 3 4

   6   7   2
   1   5   9
   8   3   4

areDistinct(): true

#
#######################################################################################
#
2)
#

Enter the size of your square: 5

Enter row 0: 17 24 1 8 15
Enter row 1: 23 5 7 14 16
Enter row 2: 4 6 13 20 22
Enter row 3: 10 12 19 21 3
Enter row 4: 11 18 25 2 9

  17  24   1   8  15
  23   5   7  14  16
   4   6  13  20  22
  10  12  19  21   3
  11  18  25   2   9

areDistinct(): true

#
#######################################################################################
#
3)
#

Enter the size of your square: 3 

Enter row 0: 1 2 3
Enter row 1: 3 4 5
Enter row 2: 6 7 8

   1   2   3
   3   4   5
   6   7   8

areDistinct(): false

#
#######################################################################################
#
4)
#

Enter the size of your square: 3

Enter row 0: 1 2 3
Enter row 1: 4 5 6
Enter row 2: 7 8 0

   1   2   3
   4   5   6
   7   8   0

areDistinct(): false

#
#######################################################################################
#
5)
#

Enter the size of your square: 3

Enter row 0: 1 2 3
Enter row 1: 4 5 6
Enter row 2: 7 8 10

   1   2   3
   4   5   6
   7   8  10

areDistinct(): false

#
#######################################################################################
