#
# File: palindrome3.out
# Author: Vlad Burca
# Lab Section: Wednesday
# 
# Created:       10/20/2010
# Last Modified: 10/20/2010
#

Output:
*******
*********************************************************************
1.
/usr/bin/python -u  "/home/vburca/cpsc115/lab 20-10-2010/palindrome3.py"
 Enter a word in lower-case letters: Race Car
 The word "Race Car" is a palindrome. 

*********************************************************************
2.
/usr/bin/python -u  "/home/vburca/cpsc115/lab 20-10-2010/palindrome3.py"
 Enter a word in lower-case letters: Madam, I'm Adam.
 The word "Madam, I'm Adam." is a palindrome.  

*********************************************************************
3.
/usr/bin/python -u  "/home/vburca/cpsc115/lab 20-10-2010/palindrome3.py"
 Enter a word in lower-case letters: Sir, I'm Eve.
 The word "Sir, I'm Eve." is not a palindrome. 

*********************************************************************
4.
/usr/bin/python -u  "/home/vburca/cpsc115/lab 20-10-2010/palindrome3.py"
 Enter a word in lower-case letters: Hello World.
 The word "Hello World." is not a palindrome. 

*********************************************************************
5.
/usr/bin/python -u  "/home/vburca/cpsc115/lab 20-10-2010/palindrome3.py"
 Enter a word in lower-case letters: Helen; Neleh.
 The word "Helen; Neleh." is a palindrome.

*********************************************************************

