#
# File: bridge.out
# Author: Vlad Burca, Lauren Boulbol
# Lab Section: Wednesday
# 
# Created:       11/10/2010
# Last Modified: 11/10/2010

#

Output:
*******
*********************************************************************
1.
/usr/bin/python -u  "/home/vburca/cpsc115/lab 10-11-2010/bridge.py"
#########################################
 1.1 

3H
JC
QS
KS

#########################################
 1.2 

2C, 3C, 4C, 5C, 6C, 7C, 8C, 9C, 10C, JC, QC, KC, AC, 2D, 3D, 4D, 5D, 6D, 7D, 8D, 9D, 10D, JD, QD, KD, AD, 2H, 3H, 4H, 5H, 6H, 7H, 8H, 9H, 10H, JH, QH, KH, AH, 2S, 3S, 4S, 5S, 6S, 7S, 8S, 9S, 10S, JS, QS, KS, AS

7H, QD, 6D, QC, 4C, 9C, 10C, JD, 10H, 2S, 3C, 7S, AC, 9S, 8D, AH, JH, 3D, 4S, 6C, KC, 3H, KD, JS, 2D, 5C, 3S, JC, AS, 10D, 2C, 8C, 10S, 7D, 5S, 4D, 8S, 6S, QS, AD, KS, 9H, 2H, 7C, 9D, 8H, QH, 5H, 4H, 5D, KH, 6H

2C, 3C, 4C, 5C, 6C, 7C, 8C, 9C, 10C, JC, QC, KC, AC, 2D, 3D, 4D, 5D, 6D, 7D, 8D, 9D, 10D, JD, QD, KD, AD, 2H, 3H, 4H, 5H, 6H, 7H, 8H, 9H, 10H, JH, QH, KH, AH, 2S, 3S, 4S, 5S, 6S, 7S, 8S, 9S, 10S, JS, QS, KS, AS

#########################################
 1.3, 1.4 

Done dealing, deck = 

North  (  10  ):  9C, JC, 2D, 4D, 5D, 8H, 3S, 6S, 8S, 10S, QS, KS, AS
South  (  9  ):  2C, 4C, 5C, 7C, KC, 6D, 7D, 2H, 7H, JH, QH, KH, 7S
East  (  16  ):  8C, QC, AC, 3D, 8D, 9D, QD, AD, 6H, 9H, AH, 2S, 5S
West  (  5  ):  3C, 6C, 10C, 10D, JD, KD, 3H, 4H, 5H, 10H, 4S, 9S, JS

 The high hand is: 
East  (  16  ):  8C, QC, AC, 3D, 8D, 9D, QD, AD, 6H, 9H, AH, 2S, 5S

*********************************************************************


